<?xml version="1.0" encoding="utf-8" standalone="no"?>
<!--This file represents the results of running a test suite-->
<test-results name="Tests/bin/Release/Tests.dll" total="1" failures="0" not-run="0" date="2018-03-24" time="16:54:31">
  <environment nunit-version="2.4.8.0" clr-version="4.0.30319.42000" os-version="Unix 15.6.0.0" platform="Unix" cwd="/Users/Shanu/Projects/ParkingGarage" machine-name="Shanus-MacBook-Pro.local" user="Shanu" user-domain="Shanus-MacBook-Pro.local" />
  <culture-info current-culture="en-IN" current-uiculture="en-IN" />
  <test-suite name="Tests/bin/Release/Tests.dll" success="True" time="0.076" asserts="0">
    <results>
      <test-suite name="Tests" success="True" time="0.073" asserts="0">
        <results>
          <test-suite name="Test" success="True" time="0.066" asserts="0">
            <results>
              <test-case name="Tests.Test.InputProcessingTestCases" executed="True" success="True" time="0.059" asserts="0" />
            </results>
          </test-suite>
        </results>
      </test-suite>
    </results>
  </test-suite>
</test-results>